  Camera2D.cpp
  Crusty.cpp
  Error.cpp
  GLSLshader.cpp
  ImageLoader.cpp
  InputManager.cpp
  IOManager.cpp
E:\GitHub\2D-Game-Engine\Crusty\Error.cpp(11,3): warning C4551:  function call missing argument list
E:\GitHub\2D-Game-Engine\Crusty\IOManager.cpp(15,16): warning C4244:  'initializing': conversion from 'std::streamoff' to 'int', possible loss of data
  picoPNG.cpp
  ResourceManager.cpp
  Sprite.cpp
  SpriteBatch.cpp
  TextureCache.cpp
  Timing.cpp
  Windows.cpp
  Generating Code...
E:\GitHub\2D-Game-Engine\Crusty\IOManager.cpp(19,27): warning C4244:  '-=': conversion from 'std::streamoff' to 'int', possible loss of data
opengl32.lib(OPENGL32.dll) : warning LNK4006: __NULL_IMPORT_DESCRIPTOR already defined in SDL2.lib(SDL2.dll); second definition ignored
glew32.lib(glew32.dll) : warning LNK4006: __NULL_IMPORT_DESCRIPTOR already defined in SDL2.lib(SDL2.dll); second definition ignored
  Crusty.vcxproj -> E:\GitHub\2D-Game-Engine\x64\Debug\Crusty.lib
