e:\users\crusty\source\repos\zombiegame_openglsdl\crusty\debug\crusty.pdb
e:\users\crusty\source\repos\zombiegame_openglsdl\crusty\debug\crusty.idb
e:\users\crusty\source\repos\zombiegame_openglsdl\crusty\debug\texturecache.obj
e:\users\crusty\source\repos\zombiegame_openglsdl\crusty\debug\sprite.obj
e:\users\crusty\source\repos\zombiegame_openglsdl\crusty\debug\resourcemanager.obj
e:\users\crusty\source\repos\zombiegame_openglsdl\crusty\debug\picopng.obj
e:\users\crusty\source\repos\zombiegame_openglsdl\crusty\debug\iomanager.obj
e:\users\crusty\source\repos\zombiegame_openglsdl\crusty\debug\imageloader.obj
e:\users\crusty\source\repos\zombiegame_openglsdl\crusty\debug\glslshader.obj
e:\users\crusty\source\repos\zombiegame_openglsdl\crusty\debug\error.obj
e:\users\crusty\source\repos\zombiegame_openglsdl\crusty\debug\windows.obj
e:\users\crusty\source\repos\zombiegame_openglsdl\crusty\debug\crusty.obj
e:\users\crusty\source\repos\zombiegame_openglsdl\crusty\debug\spritebatch.obj
e:\users\crusty\source\repos\zombiegame_openglsdl\crusty\debug\inputmanager.obj
e:\users\crusty\source\repos\zombiegame_openglsdl\crusty\debug\timing.obj
e:\users\crusty\source\repos\zombiegame_openglsdl\crusty\debug\camera2d.obj
e:\users\crusty\source\repos\zombiegame_openglsdl\debug\crusty.lib
e:\users\crusty\source\repos\zombiegame_openglsdl\debug\crusty.pdb
e:\users\crusty\source\repos\zombiegame_openglsdl\crusty\debug\crusty.tlog\cl.command.1.tlog
e:\users\crusty\source\repos\zombiegame_openglsdl\crusty\debug\crusty.tlog\cl.read.1.tlog
e:\users\crusty\source\repos\zombiegame_openglsdl\crusty\debug\crusty.tlog\cl.write.1.tlog
e:\users\crusty\source\repos\zombiegame_openglsdl\crusty\debug\crusty.tlog\lib-link.read.1.tlog
e:\users\crusty\source\repos\zombiegame_openglsdl\crusty\debug\crusty.tlog\lib-link.write.1.tlog
e:\users\crusty\source\repos\zombiegame_openglsdl\crusty\debug\crusty.tlog\lib.command.1.tlog
