  Camera2D.cpp
  Crusty.cpp
  Error.cpp
  GLSLshader.cpp
  ImageLoader.cpp
  InputManager.cpp
  IOManager.cpp
E:\Users\crusty\source\repos\zombiegame_OpenglSdl\Crusty\Error.cpp(11,3): warning C4551:  function call missing argument list
E:\Users\crusty\source\repos\zombiegame_OpenglSdl\Crusty\IOManager.cpp(15,16): warning C4244:  'initializing': conversion from 'std::streamoff' to 'int', possible loss of data
  picoPNG.cpp
  ResourceManager.cpp
  Sprite.cpp
  SpriteBatch.cpp
E:\Users\crusty\source\repos\zombiegame_OpenglSdl\Crusty\IOManager.cpp(19,27): warning C4244:  '-=': conversion from 'std::streamoff' to 'int', possible loss of data
E:\Users\crusty\source\repos\zombiegame_OpenglSdl\Crusty\SpriteBatch.cpp(22,21): warning C4018:  '<': signed/unsigned mismatch
E:\Users\crusty\source\repos\zombiegame_OpenglSdl\Crusty\SpriteBatch.cpp(64,21): warning C4018:  '<': signed/unsigned mismatch
  TextureCache.cpp
  Timing.cpp
  Windows.cpp
E:\Users\crusty\source\repos\zombiegame_OpenglSdl\Crusty\SpriteBatch.cpp(92,42): warning C4018:  '<': signed/unsigned mismatch
opengl32.lib(OPENGL32.dll) : warning LNK4006: __NULL_IMPORT_DESCRIPTOR already defined in SDL2.lib(SDL2.dll); second definition ignored
glew32.lib(glew32.dll) : warning LNK4006: __NULL_IMPORT_DESCRIPTOR already defined in SDL2.lib(SDL2.dll); second definition ignored
  Crusty.vcxproj -> E:\Users\crusty\source\repos\zombiegame_OpenglSdl\Release\Crusty.lib
