e:\users\crusty\source\repos\zombiegame_openglsdl\gameproject1\debug\vc141.pdb
e:\users\crusty\source\repos\zombiegame_openglsdl\gameproject1\debug\vc141.idb
e:\users\crusty\source\repos\zombiegame_openglsdl\gameproject1\debug\maingame.obj
e:\users\crusty\source\repos\zombiegame_openglsdl\gameproject1\debug\main.obj
e:\users\crusty\source\repos\zombiegame_openglsdl\gameproject1\debug\level.obj
e:\users\crusty\source\repos\zombiegame_openglsdl\gameproject1\debug\vc142.pdb
e:\users\crusty\source\repos\zombiegame_openglsdl\gameproject1\debug\vc142.idb
e:\users\crusty\source\repos\zombiegame_openglsdl\gameproject1\debug\zombie.obj
e:\users\crusty\source\repos\zombiegame_openglsdl\gameproject1\debug\player.obj
e:\users\crusty\source\repos\zombiegame_openglsdl\gameproject1\debug\agent.obj
e:\users\crusty\source\repos\zombiegame_openglsdl\gameproject1\debug\human.obj
e:\users\crusty\source\repos\zombiegame_openglsdl\debug\gameproject1.exe
e:\users\crusty\source\repos\zombiegame_openglsdl\debug\gameproject1.ilk
e:\users\crusty\source\repos\zombiegame_openglsdl\debug\gameproject1.pdb
e:\users\crusty\source\repos\zombiegame_openglsdl\gameproject1\debug\gameproject1.tlog\cl.command.1.tlog
e:\users\crusty\source\repos\zombiegame_openglsdl\gameproject1\debug\gameproject1.tlog\cl.read.1.tlog
e:\users\crusty\source\repos\zombiegame_openglsdl\gameproject1\debug\gameproject1.tlog\cl.write.1.tlog
e:\users\crusty\source\repos\zombiegame_openglsdl\gameproject1\debug\gameproject1.tlog\link.command.1.tlog
e:\users\crusty\source\repos\zombiegame_openglsdl\gameproject1\debug\gameproject1.tlog\link.read.1.tlog
e:\users\crusty\source\repos\zombiegame_openglsdl\gameproject1\debug\gameproject1.tlog\link.write.1.tlog
